<!DOCTYPE html PUBLIC "-//W3C//DTD XHTML 1.1//EN" "https://www.w3.org/TR/xhtml11/DTD/xhtml11.dtd">
<html xmlns="https://www.w3.org/1999/xhtml">
<head>
<meta http-equiv="content-type" content="text/html; charset=UTF-8"/>
<title>TestNG Report</title>
<style type="text/css">table {margin-bottom:10px;border-collapse:collapse;empty-cells:show}th,td {border:1px solid #009;padding:.25em .5em}th {vertical-align:bottom}td {vertical-align:top}table a {font-weight:bold}.stripe td {background-color: #E6EBF9}.num {text-align:right}.passedodd td {background-color: #3F3}.passedeven td {background-color: #0A0}.skippedodd td {background-color: #DDD}.skippedeven td {background-color: #CCC}.failedodd td,.attn {background-color: #F33}.failedeven td,.stripe .attn {background-color: #D00}.stacktrace {white-space:pre;font-family:monospace}.totop {font-size:85%;text-align:center;border-bottom:2px solid #000}.invisible {display:none}</style>
</head>
<body>
<table>
<tr><th>Test</th><th># Passed</th><th># Skipped</th><th># Retried</th><th># Failed</th><th>Time (ms)</th><th>Included Groups</th><th>Excluded Groups</th></tr>
<tr><th colspan="8">Guru99 Banking Project</th></tr>
<tr><td><a href="#t0">Basic Functionality</a></td><td class="num">3</td><td class="num">0</td><td class="num">0</td><td class="num attn">3</td><td class="num">90,151</td><td></td><td></td></tr>
</table>
<table id='summary'><thead><tr><th>Class</th><th>Method</th><th>Start</th><th>Time (ms)</th></tr></thead><tbody><tr><th colspan="4">Guru99 Banking Project</th></tr></tbody><tbody id="t0"><tr><th colspan="4">Basic Functionality &#8212; failed</th></tr><tr class="failedeven"><td rowspan="3">com.iNetBankingV1.testCases.DataDrivenLoginTest</td><td><a href="#m0">TC_DDTLogin</a></td><td rowspan="3">1711477268649</td><td rowspan="3">3701</td></tr><tr class="failedeven"><td><a href="#m1">TC_DDTLogin</a></td></tr><tr class="failedeven"><td><a href="#m2">TC_DDTLogin</a></td></tr><tr><th colspan="4">Basic Functionality &#8212; passed</th></tr><tr class="passedeven"><td rowspan="3">com.iNetBankingV1.testCases.DataDrivenLoginTest</td><td><a href="#m3">TC_DDTLogin</a></td><td rowspan="2">1711477263177</td><td rowspan="2">5469</td></tr><tr class="passedeven"><td><a href="#m4">TC_DDTLogin</a></td></tr><tr class="passedeven"><td><a href="#m5">openUrl</a></td><td rowspan="1">1711477228887</td><td rowspan="1">12039</td></tr></tbody>
</table>
<h2>Basic Functionality</h2><h3 id="m0">com.iNetBankingV1.testCases.DataDrivenLoginTest#TC_DDTLogin</h3><table class="result"><tr class="param"><th>Parameter #1</th><th>Parameter #2</th></tr><tr class="param stripe"><td>mngr987038</td><td>mOiEnEn</td></tr><tr><th colspan="2">Exception</th></tr><tr><td colspan="2"><div class="stacktrace">java.lang.AssertionError: Login failed-Invalid credentials expected [true] but found [false]
	at com.iNetBankingV1.testCases.DataDrivenLoginTest.TC_DDTLogin(DataDrivenLoginTest.java:32)
	at java.base/java.util.ArrayList.forEach(ArrayList.java:1596)
... Removed 28 stack frames</div></td></tr></table><p class="totop"><a href="#summary">back to summary</a></p>
<h3 id="m1">com.iNetBankingV1.testCases.DataDrivenLoginTest#TC_DDTLogin</h3><table class="result"><tr class="param"><th>Parameter #1</th><th>Parameter #2</th></tr><tr class="param stripe"><td>mngr721736</td><td>mEhEnJk</td></tr><tr><th colspan="2">Exception</th></tr><tr><td colspan="2"><div class="stacktrace">java.lang.AssertionError: Login failed-Invalid credentials expected [true] but found [false]
	at com.iNetBankingV1.testCases.DataDrivenLoginTest.TC_DDTLogin(DataDrivenLoginTest.java:32)
	at java.base/java.util.ArrayList.forEach(ArrayList.java:1596)
... Removed 28 stack frames</div></td></tr></table><p class="totop"><a href="#summary">back to summary</a></p>
<h3 id="m2">com.iNetBankingV1.testCases.DataDrivenLoginTest#TC_DDTLogin</h3><table class="result"><tr class="param"><th>Parameter #1</th><th>Parameter #2</th></tr><tr class="param stripe"><td>mngr121739</td><td>mEhEnEn</td></tr><tr><th colspan="2">Exception</th></tr><tr><td colspan="2"><div class="stacktrace">java.lang.AssertionError: Login failed-Invalid credentials expected [true] but found [false]
	at com.iNetBankingV1.testCases.DataDrivenLoginTest.TC_DDTLogin(DataDrivenLoginTest.java:32)
	at java.base/java.util.ArrayList.forEach(ArrayList.java:1596)
... Removed 28 stack frames</div></td></tr></table><p class="totop"><a href="#summary">back to summary</a></p>
<h3 id="m3">com.iNetBankingV1.testCases.DataDrivenLoginTest#TC_DDTLogin</h3><table class="result"><tr class="param"><th>Parameter #1</th><th>Parameter #2</th></tr><tr class="param stripe"><td>mngr561735</td><td>mEhEnEn</td></tr></table><p class="totop"><a href="#summary">back to summary</a></p>
<h3 id="m4">com.iNetBankingV1.testCases.DataDrivenLoginTest#TC_DDTLogin</h3><table class="result"><tr class="param"><th>Parameter #1</th><th>Parameter #2</th></tr><tr class="param stripe"><td>mngr561735</td><td>mEhEnEn</td></tr></table><p class="totop"><a href="#summary">back to summary</a></p>
<h3 id="m5">com.iNetBankingV1.testCases.DataDrivenLoginTest#openUrl</h3><table class="result"><tr><th class="invisible"/></tr></table><p class="totop"><a href="#summary">back to summary</a></p>
</body>
</html>
